<?xml version="1.0" encoding="UTF-8"?>
<!-- Generated by org.testng.reporters.JUnitReportReporter -->
<testsuite hostname="HemantP" failures="0" tests="1" name="ADIBTestCase.HomeTestCase" time="17.513" errors="0" timestamp="2022-03-23T12:16:15 IST" skipped="0">
  <testcase classname="ADIBTestCase.HomeTestCase" name="basePageNavigation" time="17.513"/>
  <system-out/>
</testsuite> <!-- ADIBTestCase.HomeTestCase -->
