<?xml version="1.0" encoding="UTF-8"?>
<!-- Generated by org.testng.reporters.JUnitReportReporter -->
<testsuite hostname="HemantP" failures="0" tests="1" name="ADIB.HomePage" time="37.936" errors="0" timestamp="2022-03-21T15:23:50 IST" skipped="0">
  <testcase classname="ADIB.HomePage" name="basePageNavigation" time="37.936"/>
  <system-out/>
</testsuite> <!-- ADIB.HomePage -->
